  [1m[35m (1.3ms)[0m  [1m[35mCREATE DATABASE "GossipzHeroku_development" ENCODING = 'unicode'[0m
  ↳ bin/rails:9
  [1m[35m (1.0ms)[0m  [1m[35mCREATE DATABASE "GossipzHeroku_test" ENCODING = 'unicode'[0m
  ↳ bin/rails:9
  [1m[35m (1.0ms)[0m  [1m[34mSELECT "schema_migrations"."version" FROM "schema_migrations" ORDER BY "schema_migrations"."version" ASC[0m
  ↳ bin/rails:9
  [1m[35m (0.7ms)[0m  [1m[34mSELECT "ar_internal_metadata"."value" FROM "ar_internal_metadata" WHERE "ar_internal_metadata"."key" = $1[0m  [["key", "environment"]]
  ↳ bin/rails:9
  [1m[35m (0.5ms)[0m  [1m[34mSELECT "schema_migrations"."version" FROM "schema_migrations" ORDER BY "schema_migrations"."version" ASC[0m
  ↳ bin/rails:9
  [1m[35m (0.4ms)[0m  [1m[34mSELECT "ar_internal_metadata"."value" FROM "ar_internal_metadata" WHERE "ar_internal_metadata"."key" = $1[0m  [["key", "environment"]]
  ↳ bin/rails:9
  [1m[35m (0.3ms)[0m  [1m[34mSELECT "schema_migrations"."version" FROM "schema_migrations" ORDER BY "schema_migrations"."version" ASC[0m
  ↳ bin/rails:9
  [1m[35m (0.3ms)[0m  [1m[34mSELECT "ar_internal_metadata"."value" FROM "ar_internal_metadata" WHERE "ar_internal_metadata"."key" = $1[0m  [["key", "environment"]]
  ↳ bin/rails:9
  [1m[35m (205.4ms)[0m  [1m[35mDROP DATABASE IF EXISTS "GossipzHeroku_development"[0m
  ↳ bin/rails:9
  [1m[35m (171.9ms)[0m  [1m[35mDROP DATABASE IF EXISTS "GossipzHeroku_test"[0m
  ↳ bin/rails:9
  [1m[35m (576.8ms)[0m  [1m[35mCREATE DATABASE "GossipSdr_development" ENCODING = 'unicode'[0m
  ↳ bin/rails:9
  [1m[35m (432.0ms)[0m  [1m[35mCREATE DATABASE "GossipSdr_test" ENCODING = 'unicode'[0m
  ↳ bin/rails:9
